<?xml version="1.0" encoding="UTF-8"?>
<!-- Generated by org.testng.reporters.JUnitReportReporter -->
<testsuite skipped="0" hostname="DESKTOP-N7TD48L" name="com.inetBanking.testCases.TC_AddNewCustomer_003" tests="1" failures="0" timestamp="06 Feb 2019 15:56:40 GMT" time="11.882" errors="0">
  <testcase name="addNewCustomer" time="11.882" classname="com.inetBanking.testCases.TC_AddNewCustomer_003"/>
</testsuite> <!-- com.inetBanking.testCases.TC_AddNewCustomer_003 -->
