<?xml version="1.0" encoding="UTF-8"?>
<!-- Generated by org.testng.reporters.JUnitReportReporter -->
<testsuite skipped="0" hostname="DESKTOP-N7TD48L" name="com.inetBanking.testCases.TC_LoginPage_001" tests="1" failures="0" timestamp="03 Feb 2019 15:06:26 GMT" time="5.102" errors="0">
  <testcase name="LoginTest" time="5.102" classname="com.inetBanking.testCases.TC_LoginPage_001"/>
</testsuite> <!-- com.inetBanking.testCases.TC_LoginPage_001 -->
